<?xml version="1.0" encoding="UTF-8"?>
<!-- Generated by org.testng.reporters.JUnitReportReporter -->
<testsuite hostname="Harpreets-iMac.local" failures="0" tests="4" name="tests.BoardTesting2" time="4.063" errors="0" timestamp="2023-04-04T10:39:23 EDT" skipped="0">
  <testcase classname="tests.BoardTesting2" name="createBoard" time="3.046"/>
  <system-out/>
  <testcase classname="tests.BoardTesting2" name="getBoard" time="0.448"/>
  <system-out/>
  <testcase classname="tests.BoardTesting2" name="updateBoard" time="0.312"/>
  <system-out/>
  <testcase classname="tests.BoardTesting2" name="getUpdatedBoard" time="0.257"/>
  <system-out/>
</testsuite> <!-- tests.BoardTesting2 -->
