<?xml version="1.0" encoding="UTF-8"?>
<!-- Generated by org.testng.reporters.JUnitReportReporter -->
<testsuite hostname="Harpreets-iMac.local" failures="0" tests="4" name="tests.CardTesting" time="1.342" errors="0" timestamp="2023-04-04T11:57:37 EDT" skipped="0">
  <testcase classname="tests.CardTesting" name="createCard" time="0.592"/>
  <system-out/>
  <testcase classname="tests.CardTesting" name="getCard" time="0.230"/>
  <system-out/>
  <testcase classname="tests.CardTesting" name="updateList" time="0.274"/>
  <system-out/>
  <testcase classname="tests.CardTesting" name="getUpdatedCard" time="0.246"/>
  <system-out/>
</testsuite> <!-- tests.CardTesting -->
