<?xml version="1.0" encoding="UTF-8"?>
<!-- Generated by org.testng.reporters.JUnitReportReporter -->
<testsuite hostname="Hemlins-MacBook-Pro.local" failures="0" tests="2" name="tests.PostTests" time="2.363" errors="0" timestamp="2023-03-31T17:20:51 EDT" skipped="0">
  <testcase classname="tests.PostTests" name="getBoard" time="0.237"/>
  <system-out/>
  <testcase classname="tests.PostTests" name="createBoard" time="2.126"/>
  <system-out/>
</testsuite> <!-- tests.PostTests -->
