<?xml version="1.0" encoding="UTF-8"?>
<!-- Generated by org.testng.reporters.JUnitReportReporter -->
<testsuite hostname="Hemlins-MacBook-Pro.local" failures="0" tests="1" name="NewTest" time="0.008" errors="0" timestamp="2023-03-31T15:30:14 EDT" skipped="0">
  <testcase classname="NewTest" name="f" time="0.008"/>
  <system-out/>
</testsuite> <!-- NewTest -->
