<?xml version="1.0" encoding="UTF-8"?>
<!-- Generated by org.testng.reporters.JUnitReportReporter -->
<testsuite hostname="Harpreets-iMac.local" failures="0" tests="4" name="tests.BoardTesting" time="3.855" errors="0" timestamp="2023-04-04T11:57:37 EDT" skipped="0">
  <testcase classname="tests.BoardTesting" name="createBoard" time="2.899"/>
  <system-out/>
  <testcase classname="tests.BoardTesting" name="getBoard" time="0.439"/>
  <system-out/>
  <testcase classname="tests.BoardTesting" name="updateBoard" time="0.275"/>
  <system-out/>
  <testcase classname="tests.BoardTesting" name="getUpdatedBoard" time="0.242"/>
  <system-out/>
</testsuite> <!-- tests.BoardTesting -->
