<?xml version="1.0" encoding="UTF-8"?>
<!-- Generated by org.testng.reporters.JUnitReportReporter -->
<testsuite hostname="Harpreets-iMac.local" failures="0" tests="3" name="tests.test" time="4.671" errors="0" timestamp="2023-04-04T11:52:39 EDT" skipped="0">
  <testcase classname="tests.test" name="createBoard" time="2.863"/>
  <system-out/>
  <testcase classname="tests.test" name="deleteBoard" time="1.501"/>
  <system-out/>
  <testcase classname="tests.test" name="verifyBoardDeleted" time="0.307"/>
  <system-out/>
</testsuite> <!-- tests.test -->
