<?xml version="1.0" encoding="UTF-8"?>
<!-- Generated by org.testng.reporters.JUnitReportReporter -->
<testsuite hostname="Harpreets-iMac.local" failures="0" tests="4" name="tests.ListTesting" time="1.075" errors="0" timestamp="2023-04-04T11:57:37 EDT" skipped="0">
  <testcase classname="tests.ListTesting" name="createList" time="0.306"/>
  <system-out/>
  <testcase classname="tests.ListTesting" name="getList" time="0.262"/>
  <system-out/>
  <testcase classname="tests.ListTesting" name="updateList" time="0.273"/>
  <system-out/>
  <testcase classname="tests.ListTesting" name="getUpdatedList" time="0.234"/>
  <system-out/>
</testsuite> <!-- tests.ListTesting -->
