<?xml version="1.0" encoding="UTF-8"?>
<!-- Generated by org.testng.reporters.JUnitReportReporter -->
<testsuite hostname="Harpreets-iMac.local" failures="0" tests="2" name="tests.DeleteBoardTesting" time="2.080" errors="0" timestamp="2023-04-04T11:57:37 EDT" skipped="0">
  <testcase classname="tests.DeleteBoardTesting" name="deleteBoard" time="1.845"/>
  <system-out/>
  <testcase classname="tests.DeleteBoardTesting" name="verifyBoardDeleted" time="0.235"/>
  <system-out/>
</testsuite> <!-- tests.DeleteBoardTesting -->
