<?xml version="1.0" encoding="UTF-8"?>
<!-- Generated by org.testng.reporters.JUnitReportReporter -->
<testsuite hostname="Harpreets-iMac.local" failures="0" tests="2" name="tests.DeleteBoardTesting" time="1.517" errors="0" timestamp="2023-04-04T12:01:02 EDT" skipped="0">
  <testcase classname="tests.DeleteBoardTesting" name="deleteBoard" time="1.309"/>
  <system-out/>
  <testcase classname="tests.DeleteBoardTesting" name="verifyBoardDeleted" time="0.208"/>
  <system-out/>
</testsuite> <!-- tests.DeleteBoardTesting -->
