<?xml version="1.0" encoding="UTF-8"?>
<!-- Generated by org.testng.reporters.JUnitReportReporter -->
<testsuite hostname="Harpreets-iMac.local" failures="0" tests="4" name="tests.ListTesting" time="1.158" errors="0" timestamp="2023-04-04T12:01:02 EDT" skipped="0">
  <testcase classname="tests.ListTesting" name="createList" time="0.398"/>
  <system-out/>
  <testcase classname="tests.ListTesting" name="getList" time="0.243"/>
  <system-out/>
  <testcase classname="tests.ListTesting" name="updateList" time="0.286"/>
  <system-out/>
  <testcase classname="tests.ListTesting" name="getUpdatedList" time="0.231"/>
  <system-out/>
</testsuite> <!-- tests.ListTesting -->
