<?xml version="1.0" encoding="UTF-8"?>
<!-- Generated by org.testng.reporters.JUnitReportReporter -->
<testsuite hostname="Harpreets-iMac.local" failures="0" tests="4" name="tests.BoardTesting" time="3.882" errors="0" timestamp="2023-04-04T12:01:02 EDT" skipped="0">
  <testcase classname="tests.BoardTesting" name="createBoard" time="2.826"/>
  <system-out/>
  <testcase classname="tests.BoardTesting" name="getBoard" time="0.463"/>
  <system-out/>
  <testcase classname="tests.BoardTesting" name="updateBoard" time="0.309"/>
  <system-out/>
  <testcase classname="tests.BoardTesting" name="getUpdatedBoard" time="0.284"/>
  <system-out/>
</testsuite> <!-- tests.BoardTesting -->
