<?xml version="1.0" encoding="UTF-8"?>
<!-- Generated by org.testng.reporters.JUnitReportReporter -->
<testsuite hostname="Harpreets-iMac.local" failures="0" tests="4" name="tests.CardTesting" time="1.431" errors="0" timestamp="2023-04-04T12:01:02 EDT" skipped="0">
  <testcase classname="tests.CardTesting" name="createCard" time="0.639"/>
  <system-out/>
  <testcase classname="tests.CardTesting" name="getCard" time="0.247"/>
  <system-out/>
  <testcase classname="tests.CardTesting" name="updateList" time="0.288"/>
  <system-out/>
  <testcase classname="tests.CardTesting" name="getUpdatedCard" time="0.257"/>
  <system-out/>
</testsuite> <!-- tests.CardTesting -->
